TN:
SF:scripts/replace.js
FN:1,(empty-report)
FNF:1
FNH:0
FNDA:0,(empty-report)
DA:1,0
DA:2,0
DA:3,0
DA:4,0
DA:5,0
DA:6,0
DA:7,0
DA:8,0
DA:9,0
DA:10,0
DA:11,0
DA:12,0
DA:13,0
DA:14,0
DA:15,0
DA:16,0
DA:17,0
DA:18,0
DA:19,0
DA:20,0
DA:21,0
DA:22,0
DA:23,0
LF:23
LH:0
BRDA:1,0,0,0
BRF:1
BRH:0
end_of_record
TN:
SF:src/cli/index.ts
FNF:0
FNH:0
DA:1,1
DA:5,1
DA:6,1
DA:7,1
DA:8,1
DA:9,1
DA:10,1
DA:11,1
DA:12,0
DA:13,0
DA:14,0
DA:15,0
DA:16,0
DA:17,0
DA:18,1
DA:19,1
DA:20,1
LF:17
LH:11
BRF:0
BRH:0
end_of_record
TN:
SF:src/cli/prompt.ts
FN:4,promptForAgent
FNF:1
FNH:1
FNDA:2,promptForAgent
DA:1,1
DA:4,2
DA:5,2
DA:6,2
DA:7,2
DA:8,2
DA:9,2
DA:10,2
DA:11,2
DA:12,2
DA:13,2
DA:14,2
DA:15,2
DA:16,2
DA:17,2
DA:18,2
DA:19,2
DA:20,2
DA:21,2
DA:22,2
DA:23,2
DA:24,2
DA:25,2
DA:27,2
DA:28,2
LF:25
LH:25
BRDA:4,0,0,2
BRF:1
BRH:1
end_of_record
TN:
SF:src/commands/install.ts
FN:6,installHandler
FNF:1
FNH:1
FNDA:2,installHandler
DA:1,1
DA:6,2
DA:8,2
DA:10,2
DA:11,2
DA:14,2
DA:15,2
DA:16,2
DA:19,2
DA:20,2
DA:21,1
DA:24,1
DA:25,1
DA:26,1
DA:29,1
DA:30,1
DA:31,1
DA:33,1
DA:34,1
DA:35,1
DA:36,1
DA:37,1
DA:38,2
LF:23
LH:23
BRDA:6,0,0,2
BRDA:20,1,0,1
BRDA:35,2,0,0
BRF:3
BRH:2
end_of_record
TN:
SF:src/utils/install.ts
FN:8,validateProjectDirectory
FN:37,createConductorDirectories
FN:57,copyTemplateFiles
FNF:3
FNH:3
FNDA:4,validateProjectDirectory
FNDA:2,createConductorDirectories
FNDA:3,copyTemplateFiles
DA:1,1
DA:2,1
DA:8,4
DA:9,4
DA:10,1
DA:11,1
DA:13,3
DA:14,3
DA:16,4
DA:17,0
DA:18,0
DA:19,4
DA:20,1
DA:21,1
DA:22,3
DA:23,2
DA:24,2
DA:25,2
DA:27,3
DA:28,3
DA:30,4
DA:31,2
DA:32,2
DA:34,1
DA:35,1
DA:37,2
DA:38,2
DA:39,2
DA:41,2
DA:42,0
DA:43,0
DA:44,2
DA:45,1
DA:46,1
DA:47,1
DA:48,1
DA:49,1
DA:50,1
DA:52,2
DA:53,2
DA:54,2
DA:55,2
DA:57,3
DA:58,3
DA:59,3
DA:60,3
DA:62,3
DA:63,0
DA:64,0
DA:65,3
DA:66,1
DA:67,1
DA:68,2
DA:69,2
DA:70,2
DA:71,2
DA:73,3
DA:74,3
DA:76,3
DA:77,3
DA:80,3
DA:81,3
DA:82,3
DA:83,3
DA:84,3
DA:85,1
DA:86,1
DA:88,3
DA:89,15
DA:90,15
DA:92,15
DA:93,15
DA:97,15
DA:99,15
DA:100,0
DA:101,0
DA:102,0
DA:104,15
DA:105,15
DA:106,15
DA:108,15
DA:109,5
DA:110,5
DA:112,15
DA:114,15
DA:115,15
DA:116,0
DA:117,0
DA:118,15
DA:119,3
LF:90
LH:79
BRDA:8,0,0,4
BRDA:9,1,0,1
BRDA:11,2,0,3
BRDA:16,3,0,0
BRDA:19,4,0,3
BRDA:19,5,0,1
BRDA:22,6,0,2
BRDA:30,7,0,2
BRDA:30,8,0,2
BRDA:32,9,0,1
BRDA:37,10,0,2
BRDA:41,11,0,0
BRDA:44,12,0,1
BRDA:57,13,0,3
BRDA:62,14,0,0
BRDA:65,15,0,2
BRDA:65,16,0,1
BRDA:83,17,0,2
BRDA:84,18,0,1
BRDA:88,19,0,15
BRDA:99,20,0,0
BRDA:108,21,0,5
BRDA:115,22,0,0
BRF:23
BRH:18
end_of_record
TN:
SF:src/utils/template.ts
FN:7,substituteVariables
FN:16,getTemplateRoot
FN:35,loadTemplate
FNF:3
FNH:3
FNDA:9,substituteVariables
FNDA:2,getTemplateRoot
FNDA:2,loadTemplate
DA:1,1
DA:5,1
DA:7,1
DA:8,9
DA:9,10
DA:10,9
DA:11,9
DA:12,1
DA:13,9
DA:14,9
DA:16,2
DA:17,2
DA:18,2
DA:19,2
DA:20,2
DA:21,2
DA:23,2
DA:24,6
DA:25,6
DA:26,2
DA:27,2
DA:28,6
DA:29,4
DA:30,4
DA:31,6
DA:32,0
DA:33,0
DA:35,2
DA:36,2
DA:37,2
DA:38,2
DA:39,2
LF:32
LH:30
BRDA:7,0,0,9
BRDA:8,1,0,10
BRDA:9,2,0,9
BRDA:11,3,0,1
BRDA:16,4,0,2
BRDA:23,5,0,6
BRDA:25,6,0,2
BRDA:28,7,0,4
BRDA:31,8,0,0
BRDA:35,9,0,2
BRF:10
BRH:9
end_of_record
